INFO [85512] - 06/04/19 20:09:12 - 0:00:00 - ========== Running DOOM ==========
INFO [85512] - 06/04/19 20:09:12 - 0:00:00 - Experiment will be saved in: ./dumped/default/hz830i08s0
INFO [85512] - 06/04/19 20:09:12 - 0:00:00 - scenario: deathmatch
                                             map_ids_train: [1]
                                             map_ids_test: [1]
                                             freedoom: True
                                             height: 42
                                             width: 42
                                             gray: False
                                             use_screen_buffer: True
                                             use_depth_buffer: False
                                             labels_mapping: 
                                             game_features: enemy
                                             render_hud: False
                                             render_crosshair: True
                                             render_weapon: True
                                             hist_size: 4
                                             frame_skip: 4
                                             action_combinations: move_fb;move_lr;turn_lr;attack
                                             freelook: False
                                             speed: off
                                             crouch: off
                                             manual_control: False
                                             players_per_game: 1
                                             player_rank: 0
                                             dump_path: ./dumped/default/hz830i08s0
                                             visualize: False
                                             evaluate: 0
                                             human_player: False
                                             reload: 
                                             dump_freq: 0
                                             gpu_id: -1
                                             log_frequency: 100
                                             is_a3c: 1
                                             network_type: dqn_ff
                                             use_bn: False
                                             batch_size: 32
                                             replay_memory_size: 1000000
                                             start_decay: 0
                                             stop_decay: 1000000
                                             final_decay: 0.1
                                             gamma: 0.99
                                             dueling_network: False
                                             recurrence: 
                                             clip_delta: 1.0
                                             variable_dim: [32, 32]
                                             bucket_size: [1, 1]
                                             hidden_dim: 512
                                             update_frequency: 4
                                             dropout: 0.0
                                             optimizer: rmsprop,lr=0.0002
                                             wad: deathmatch_rockets
                                             n_bots: 8
                                             reward_values: 
                                             randomize_textures: False
                                             init_bots_health: 100
                                             game_variables: [('health', 101), ('sel_ammo', 301)]
                                             n_variables: 2
                                             n_features: 1
                                             n_fm: 3
                                             use_continuous: False
                                             episode_time: None
                                             eval_freq: 20000
                                             eval_time: 900
INFO [85512] - 06/04/19 20:09:12 - 0:00:00 - 9 available buttons: ['MOVE_FORWARD', 'MOVE_BACKWARD', 'TURN_LEFT', 'TURN_RIGHT', 'MOVE_LEFT', 'MOVE_RIGHT', 'ATTACK', 'SPEED', 'CROUCH']
INFO [85512] - 06/04/19 20:09:12 - 0:00:00 - 53 available actions:
                                             ['ATTACK']
                                             ['TURN_LEFT']
                                             ['TURN_LEFT', 'ATTACK']
                                             ['TURN_RIGHT']
                                             ['TURN_RIGHT', 'ATTACK']
                                             ['MOVE_LEFT']
                                             ['MOVE_LEFT', 'ATTACK']
                                             ['MOVE_LEFT', 'TURN_LEFT']
                                             ['MOVE_LEFT', 'TURN_LEFT', 'ATTACK']
                                             ['MOVE_LEFT', 'TURN_RIGHT']
                                             ['MOVE_LEFT', 'TURN_RIGHT', 'ATTACK']
                                             ['MOVE_RIGHT']
                                             ['MOVE_RIGHT', 'ATTACK']
                                             ['MOVE_RIGHT', 'TURN_LEFT']
                                             ['MOVE_RIGHT', 'TURN_LEFT', 'ATTACK']
                                             ['MOVE_RIGHT', 'TURN_RIGHT']
                                             ['MOVE_RIGHT', 'TURN_RIGHT', 'ATTACK']
                                             ['MOVE_FORWARD']
                                             ['MOVE_FORWARD', 'ATTACK']
                                             ['MOVE_FORWARD', 'TURN_LEFT']
                                             ['MOVE_FORWARD', 'TURN_LEFT', 'ATTACK']
                                             ['MOVE_FORWARD', 'TURN_RIGHT']
                                             ['MOVE_FORWARD', 'TURN_RIGHT', 'ATTACK']
                                             ['MOVE_FORWARD', 'MOVE_LEFT']
                                             ['MOVE_FORWARD', 'MOVE_LEFT', 'ATTACK']
                                             ['MOVE_FORWARD', 'MOVE_LEFT', 'TURN_LEFT']
                                             ['MOVE_FORWARD', 'MOVE_LEFT', 'TURN_LEFT', 'ATTACK']
                                             ['MOVE_FORWARD', 'MOVE_LEFT', 'TURN_RIGHT']
                                             ['MOVE_FORWARD', 'MOVE_LEFT', 'TURN_RIGHT', 'ATTACK']
                                             ['MOVE_FORWARD', 'MOVE_RIGHT']
                                             ['MOVE_FORWARD', 'MOVE_RIGHT', 'ATTACK']
                                             ['MOVE_FORWARD', 'MOVE_RIGHT', 'TURN_LEFT']
                                             ['MOVE_FORWARD', 'MOVE_RIGHT', 'TURN_LEFT', 'ATTACK']
                                             ['MOVE_FORWARD', 'MOVE_RIGHT', 'TURN_RIGHT']
                                             ['MOVE_FORWARD', 'MOVE_RIGHT', 'TURN_RIGHT', 'ATTACK']
                                             ['MOVE_BACKWARD']
                                             ['MOVE_BACKWARD', 'ATTACK']
                                             ['MOVE_BACKWARD', 'TURN_LEFT']
                                             ['MOVE_BACKWARD', 'TURN_LEFT', 'ATTACK']
                                             ['MOVE_BACKWARD', 'TURN_RIGHT']
                                             ['MOVE_BACKWARD', 'TURN_RIGHT', 'ATTACK']
                                             ['MOVE_BACKWARD', 'MOVE_LEFT']
                                             ['MOVE_BACKWARD', 'MOVE_LEFT', 'ATTACK']
                                             ['MOVE_BACKWARD', 'MOVE_LEFT', 'TURN_LEFT']
                                             ['MOVE_BACKWARD', 'MOVE_LEFT', 'TURN_LEFT', 'ATTACK']
                                             ['MOVE_BACKWARD', 'MOVE_LEFT', 'TURN_RIGHT']
                                             ['MOVE_BACKWARD', 'MOVE_LEFT', 'TURN_RIGHT', 'ATTACK']
                                             ['MOVE_BACKWARD', 'MOVE_RIGHT']
                                             ['MOVE_BACKWARD', 'MOVE_RIGHT', 'ATTACK']
                                             ['MOVE_BACKWARD', 'MOVE_RIGHT', 'TURN_LEFT']
                                             ['MOVE_BACKWARD', 'MOVE_RIGHT', 'TURN_LEFT', 'ATTACK']
                                             ['MOVE_BACKWARD', 'MOVE_RIGHT', 'TURN_RIGHT']
                                             ['MOVE_BACKWARD', 'MOVE_RIGHT', 'TURN_RIGHT', 'ATTACK']
INFO [85512] - 06/04/19 20:09:12 - 0:00:00 - Reward values:
INFO [85512] - 06/04/19 20:09:12 - 0:00:00 - {'BASE_REWARD': 0.0, 'DISTANCE': 0.0, 'KILL': 5.0, 'DEATH': -5.0, 'SUICIDE': -5.0, 'MEDIKIT': 1.0, 'ARMOR': 1.0, 'INJURED': -1.0, 'WEAPON': 1.0, 'AMMO': 1.0, 'USE_AMMO': -0.2}
INFO [85512] - 06/04/19 20:09:12 - 0:00:00 - 9 available buttons: ['MOVE_FORWARD', 'MOVE_BACKWARD', 'TURN_LEFT', 'TURN_RIGHT', 'MOVE_LEFT', 'MOVE_RIGHT', 'ATTACK', 'SPEED', 'CROUCH']
INFO [85512] - 06/04/19 20:09:12 - 0:00:00 - 53 available actions:
                                             ['ATTACK']
                                             ['TURN_LEFT']
                                             ['TURN_LEFT', 'ATTACK']
                                             ['TURN_RIGHT']
                                             ['TURN_RIGHT', 'ATTACK']
                                             ['MOVE_LEFT']
                                             ['MOVE_LEFT', 'ATTACK']
                                             ['MOVE_LEFT', 'TURN_LEFT']
                                             ['MOVE_LEFT', 'TURN_LEFT', 'ATTACK']
                                             ['MOVE_LEFT', 'TURN_RIGHT']
                                             ['MOVE_LEFT', 'TURN_RIGHT', 'ATTACK']
                                             ['MOVE_RIGHT']
                                             ['MOVE_RIGHT', 'ATTACK']
                                             ['MOVE_RIGHT', 'TURN_LEFT']
                                             ['MOVE_RIGHT', 'TURN_LEFT', 'ATTACK']
                                             ['MOVE_RIGHT', 'TURN_RIGHT']
                                             ['MOVE_RIGHT', 'TURN_RIGHT', 'ATTACK']
                                             ['MOVE_FORWARD']
                                             ['MOVE_FORWARD', 'ATTACK']
                                             ['MOVE_FORWARD', 'TURN_LEFT']
                                             ['MOVE_FORWARD', 'TURN_LEFT', 'ATTACK']
                                             ['MOVE_FORWARD', 'TURN_RIGHT']
                                             ['MOVE_FORWARD', 'TURN_RIGHT', 'ATTACK']
                                             ['MOVE_FORWARD', 'MOVE_LEFT']
                                             ['MOVE_FORWARD', 'MOVE_LEFT', 'ATTACK']
                                             ['MOVE_FORWARD', 'MOVE_LEFT', 'TURN_LEFT']
                                             ['MOVE_FORWARD', 'MOVE_LEFT', 'TURN_LEFT', 'ATTACK']
                                             ['MOVE_FORWARD', 'MOVE_LEFT', 'TURN_RIGHT']
                                             ['MOVE_FORWARD', 'MOVE_LEFT', 'TURN_RIGHT', 'ATTACK']
                                             ['MOVE_FORWARD', 'MOVE_RIGHT']
                                             ['MOVE_FORWARD', 'MOVE_RIGHT', 'ATTACK']
                                             ['MOVE_FORWARD', 'MOVE_RIGHT', 'TURN_LEFT']
                                             ['MOVE_FORWARD', 'MOVE_RIGHT', 'TURN_LEFT', 'ATTACK']
                                             ['MOVE_FORWARD', 'MOVE_RIGHT', 'TURN_RIGHT']
                                             ['MOVE_FORWARD', 'MOVE_RIGHT', 'TURN_RIGHT', 'ATTACK']
                                             ['MOVE_BACKWARD']
                                             ['MOVE_BACKWARD', 'ATTACK']
                                             ['MOVE_BACKWARD', 'TURN_LEFT']
                                             ['MOVE_BACKWARD', 'TURN_LEFT', 'ATTACK']
                                             ['MOVE_BACKWARD', 'TURN_RIGHT']
                                             ['MOVE_BACKWARD', 'TURN_RIGHT', 'ATTACK']
                                             ['MOVE_BACKWARD', 'MOVE_LEFT']
                                             ['MOVE_BACKWARD', 'MOVE_LEFT', 'ATTACK']
                                             ['MOVE_BACKWARD', 'MOVE_LEFT', 'TURN_LEFT']
                                             ['MOVE_BACKWARD', 'MOVE_LEFT', 'TURN_LEFT', 'ATTACK']
                                             ['MOVE_BACKWARD', 'MOVE_LEFT', 'TURN_RIGHT']
                                             ['MOVE_BACKWARD', 'MOVE_LEFT', 'TURN_RIGHT', 'ATTACK']
                                             ['MOVE_BACKWARD', 'MOVE_RIGHT']
                                             ['MOVE_BACKWARD', 'MOVE_RIGHT', 'ATTACK']
                                             ['MOVE_BACKWARD', 'MOVE_RIGHT', 'TURN_LEFT']
                                             ['MOVE_BACKWARD', 'MOVE_RIGHT', 'TURN_LEFT', 'ATTACK']
                                             ['MOVE_BACKWARD', 'MOVE_RIGHT', 'TURN_RIGHT']
                                             ['MOVE_BACKWARD', 'MOVE_RIGHT', 'TURN_RIGHT', 'ATTACK']
INFO [85512] - 06/04/19 20:09:12 - 0:00:00 - Reward values:
INFO [85512] - 06/04/19 20:09:12 - 0:00:00 - {'BASE_REWARD': 0.0, 'DISTANCE': 0.0, 'KILL': 5.0, 'DEATH': -5.0, 'SUICIDE': -5.0, 'MEDIKIT': 1.0, 'ARMOR': 1.0, 'INJURED': -1.0, 'WEAPON': 1.0, 'AMMO': 1.0, 'USE_AMMO': -0.2}
INFO [85517] - 06/04/19 20:09:12 - 0:00:00 - Training on map 1 ...
