INFO [27781] - 05/27/19 15:37:45 - 0:00:00 - ========== Running DOOM ==========
INFO [27781] - 05/27/19 15:37:45 - 0:00:00 - Experiment will be saved in: ./dumped/default/52v663gsrb
INFO [27781] - 05/27/19 15:37:45 - 0:00:00 - final_decay: 0.1
                                             action_combinations: move_fb+turn_lr+move_lr+attack
                                             dump_path: ./dumped/default/52v663gsrb
                                             use_continuous: False
                                             gpu_id: 0
                                             render_weapon: True
                                             height: 60
                                             use_screen_buffer: True
                                             players_per_game: 1
                                             update_frequency: 4
                                             frame_skip: 4
                                             dueling_network: False
                                             variable_dim: [32, 32]
                                             crouch: off
                                             speed: off
                                             freedoom: True
                                             visualize: False
                                             use_depth_buffer: False
                                             human_player: False
                                             game_variables: [('health', 101), ('sel_ammo', 301)]
                                             render_crosshair: True
                                             use_bn: False
                                             wad: 
                                             episode_time: None
                                             freelook: False
                                             map_ids_test: [1]
                                             width: 108
                                             clip_delta: 1.0
                                             log_frequency: 100
                                             n_variables: 2
                                             bucket_size: [1, 1]
                                             stop_decay: 1000000
                                             optimizer: rmsprop,lr=0.0002
                                             start_decay: 0
                                             reward_values: 
                                             evaluate: 0
                                             dropout: 0.0
                                             labels_mapping: 
                                             manual_control: False
                                             batch_size: 32
                                             eval_time: 900
                                             hist_size: 4
                                             n_bots: 8
                                             dump_freq: 0
                                             map_ids_train: [1]
                                             n_features: 0
                                             gray: False
                                             n_fm: 3
                                             render_hud: False
                                             eval_freq: 20000
                                             scenario: deathmatch
                                             recurrence: 
                                             replay_memory_size: 1000000
                                             reload: 
                                             player_rank: 0
                                             hidden_dim: 512
                                             randomize_textures: False
                                             init_bots_health: 100
                                             network_type: dqn_ff
                                             gamma: 0.99
                                             game_features: 
